  Timber.cpp
E:\AluCiclesGS1\AV\VisualStudio\Timber\Timber\Timber.cpp(96,29): warning C4305: 'argumento': truncamiento de 'double' a 'float'
E:\AluCiclesGS1\AV\VisualStudio\Timber\Timber\Timber.cpp(96,24): warning C4305: 'argumento': truncamiento de 'double' a 'float'
E:\AluCiclesGS1\AV\VisualStudio\Timber\Timber\Timber.cpp(104,30): warning C4305: 'argumento': truncamiento de 'double' a 'float'
E:\AluCiclesGS1\AV\VisualStudio\Timber\Timber\Timber.cpp(104,25): warning C4305: 'argumento': truncamiento de 'double' a 'float'
E:\AluCiclesGS1\AV\VisualStudio\Timber\Timber\Timber.cpp(131,42): warning C4244: 'argumento': conversión de 'int' a 'float'; posible pérdida de datos
E:\AluCiclesGS1\AV\VisualStudio\Timber\Timber\Timber.cpp(141,40): warning C4244: 'argumento': conversión de 'int' a 'float'; posible pérdida de datos
E:\AluCiclesGS1\AV\VisualStudio\Timber\Timber\Timber.cpp(231,26): warning C4305: 'argumento': truncamiento de 'double' a 'float'
E:\AluCiclesGS1\AV\VisualStudio\Timber\Timber\Timber.cpp(231,21): warning C4305: 'argumento': truncamiento de 'double' a 'float'
E:\AluCiclesGS1\AV\VisualStudio\Timber\Timber\Timber.cpp(332,34): warning C4244: '+=': conversión de 'double' a 'float'; posible pérdida de datos
E:\AluCiclesGS1\AV\VisualStudio\Timber\Timber\Timber.cpp(356,34): warning C4244: '+=': conversión de 'double' a 'float'; posible pérdida de datos
E:\AluCiclesGS1\AV\VisualStudio\Timber\Timber\Timber.cpp(439,22): warning C4244: 'inicializando': conversión de 'int' a 'float'; posible pérdida de datos
E:\AluCiclesGS1\AV\VisualStudio\Timber\Timber\Timber.cpp(440,41): warning C4244: '=': conversión de 'int' a 'float'; posible pérdida de datos
E:\AluCiclesGS1\AV\VisualStudio\Timber\Timber\Timber.cpp(441,18): warning C4244: 'inicializando': conversión de 'int' a 'float'; posible pérdida de datos
E:\AluCiclesGS1\AV\VisualStudio\Timber\Timber\Timber.cpp(442,51): warning C4244: 'argumento': conversión de 'int' a 'float'; posible pérdida de datos
E:\AluCiclesGS1\AV\VisualStudio\Timber\Timber\Timber.cpp(463,22): warning C4244: 'inicializando': conversión de 'int' a 'float'; posible pérdida de datos
E:\AluCiclesGS1\AV\VisualStudio\Timber\Timber\Timber.cpp(464,36): warning C4244: '=': conversión de 'int' a 'float'; posible pérdida de datos
E:\AluCiclesGS1\AV\VisualStudio\Timber\Timber\Timber.cpp(465,60): warning C4244: 'argumento': conversión de 'int' a 'float'; posible pérdida de datos
E:\AluCiclesGS1\AV\VisualStudio\Timber\Timber\Timber.cpp(466,63): warning C4244: 'argumento': conversión de 'int' a 'float'; posible pérdida de datos
E:\AluCiclesGS1\AV\VisualStudio\Timber\Timber\Timber.cpp(466,47): warning C4244: 'argumento': conversión de 'int' a 'float'; posible pérdida de datos
E:\AluCiclesGS1\AV\VisualStudio\Timber\Timber\Timber.cpp(489,17): warning C4244: 'inicializando': conversión de 'int' a 'float'; posible pérdida de datos
  Timber.vcxproj -> E:\AluCiclesGS1\AV\VisualStudio\Timber\Debug\Timber.exe
